2022-09-01 18:09:38.950  INFO 10887 --- [main] com.bms.bms.BmsApplication               : Starting BmsApplication using Java 11.0.16.1 on parash-optiplex3070 with PID 10887 (/home/pgrg/projects/eda-pro/bms/target/classes started by pgrg in /home/pgrg/projects/eda-pro)
2022-09-01 18:09:38.954  INFO 10887 --- [main] com.bms.bms.BmsApplication               : No active profile set, falling back to 1 default profile: "default"
2022-09-01 18:09:39.543  INFO 10887 --- [main] o.s.cloud.context.scope.GenericScope     : BeanFactory id=9141cc15-9616-36fd-8316-7c7bfaf0a94e
2022-09-01 18:09:39.704  INFO 10887 --- [main] o.s.b.w.embedded.tomcat.TomcatWebServer  : Tomcat initialized with port(s): 8084 (http)
2022-09-01 18:09:39.709  INFO 10887 --- [main] o.apache.catalina.core.StandardService   : Starting service [Tomcat]
2022-09-01 18:09:39.709  INFO 10887 --- [main] org.apache.catalina.core.StandardEngine  : Starting Servlet engine: [Apache Tomcat/9.0.65]
2022-09-01 18:09:39.774  INFO 10887 --- [main] o.a.c.c.C.[Tomcat].[localhost].[/]       : Initializing Spring embedded WebApplicationContext
2022-09-01 18:09:39.774  INFO 10887 --- [main] w.s.c.ServletWebServerApplicationContext : Root WebApplicationContext: initialization completed in 781 ms
2022-09-01 18:09:40.055  INFO 10887 --- [main] o.a.c.f.imps.CuratorFrameworkImpl        : Starting
2022-09-01 18:09:40.058  INFO 10887 --- [main] org.apache.zookeeper.ZooKeeper           : Client environment:zookeeper.version=3.6.0--b4c89dc7f6083829e18fae6e446907ae0b1f22d7, built on 02/25/2020 14:38 GMT
2022-09-01 18:09:40.058  INFO 10887 --- [main] org.apache.zookeeper.ZooKeeper           : Client environment:host.name=parash-optiplex3070
2022-09-01 18:09:40.058  INFO 10887 --- [main] org.apache.zookeeper.ZooKeeper           : Client environment:java.version=11.0.16.1
2022-09-01 18:09:40.058  INFO 10887 --- [main] org.apache.zookeeper.ZooKeeper           : Client environment:java.vendor=Oracle Corporation
2022-09-01 18:09:40.058  INFO 10887 --- [main] org.apache.zookeeper.ZooKeeper           : Client environment:java.home=/usr/lib/jvm/java-11-openjdk
2022-09-01 18:09:40.058  INFO 10887 --- [main] org.apache.zookeeper.ZooKeeper           : Client environment:java.class.path=/home/pgrg/projects/eda-pro/bms/target/classes:/home/pgrg/.m2/repository/org/springframework/cloud/spring-cloud-starter-zookeeper-discovery/3.1.2/spring-cloud-starter-zookeeper-discovery-3.1.2.jar:/home/pgrg/.m2/repository/org/springframework/cloud/spring-cloud-starter-zookeeper/3.1.2/spring-cloud-starter-zookeeper-3.1.2.jar:/home/pgrg/.m2/repository/org/springframework/cloud/spring-cloud-starter/3.1.3/spring-cloud-starter-3.1.3.jar:/home/pgrg/.m2/repository/org/springframework/cloud/spring-cloud-context/3.1.3/spring-cloud-context-3.1.3.jar:/home/pgrg/.m2/repository/org/springframework/security/spring-security-crypto/5.7.3/spring-security-crypto-5.7.3.jar:/home/pgrg/.m2/repository/org/springframework/cloud/spring-cloud-commons/3.1.3/spring-cloud-commons-3.1.3.jar:/home/pgrg/.m2/repository/org/springframework/security/spring-security-rsa/1.0.10.RELEASE/spring-security-rsa-1.0.10.RELEASE.jar:/home/pgrg/.m2/repository/org/bouncycastle/bcpkix-jdk15on/1.68/bcpkix-jdk15on-1.68.jar:/home/pgrg/.m2/repository/org/bouncycastle/bcprov-jdk15on/1.68/bcprov-jdk15on-1.68.jar:/home/pgrg/.m2/repository/org/springframework/cloud/spring-cloud-zookeeper-core/3.1.2/spring-cloud-zookeeper-core-3.1.2.jar:/home/pgrg/.m2/repository/org/springframework/boot/spring-boot-starter-validation/2.7.3/spring-boot-starter-validation-2.7.3.jar:/home/pgrg/.m2/repository/org/hibernate/validator/hibernate-validator/6.2.4.Final/hibernate-validator-6.2.4.Final.jar:/home/pgrg/.m2/repository/jakarta/validation/jakarta.validation-api/2.0.2/jakarta.validation-api-2.0.2.jar:/home/pgrg/.m2/repository/org/jboss/logging/jboss-logging/3.4.3.Final/jboss-logging-3.4.3.Final.jar:/home/pgrg/.m2/repository/com/fasterxml/classmate/1.5.1/classmate-1.5.1.jar:/home/pgrg/.m2/repository/org/springframework/cloud/spring-cloud-zookeeper-discovery/3.1.2/spring-cloud-zookeeper-discovery-3.1.2.jar:/home/pgrg/.m2/repository/org/apache/curator/curator-x-discovery/5.1.0/curator-x-discovery-5.1.0.jar:/home/pgrg/.m2/repository/org/apache/curator/curator-recipes/5.1.0/curator-recipes-5.1.0.jar:/home/pgrg/.m2/repository/org/apache/curator/curator-framework/5.1.0/curator-framework-5.1.0.jar:/home/pgrg/.m2/repository/org/apache/curator/curator-client/5.1.0/curator-client-5.1.0.jar:/home/pgrg/.m2/repository/org/apache/zookeeper/zookeeper/3.6.0/zookeeper-3.6.0.jar:/home/pgrg/.m2/repository/commons-lang/commons-lang/2.6/commons-lang-2.6.jar:/home/pgrg/.m2/repository/org/apache/zookeeper/zookeeper-jute/3.6.0/zookeeper-jute-3.6.0.jar:/home/pgrg/.m2/repository/org/apache/yetus/audience-annotations/0.5.0/audience-annotations-0.5.0.jar:/home/pgrg/.m2/repository/io/netty/netty-handler/4.1.79.Final/netty-handler-4.1.79.Final.jar:/home/pgrg/.m2/repository/io/netty/netty-common/4.1.79.Final/netty-common-4.1.79.Final.jar:/home/pgrg/.m2/repository/io/netty/netty-resolver/4.1.79.Final/netty-resolver-4.1.79.Final.jar:/home/pgrg/.m2/repository/io/netty/netty-buffer/4.1.79.Final/netty-buffer-4.1.79.Final.jar:/home/pgrg/.m2/repository/io/netty/netty-transport/4.1.79.Final/netty-transport-4.1.79.Final.jar:/home/pgrg/.m2/repository/io/netty/netty-transport-native-unix-common/4.1.79.Final/netty-transport-native-unix-common-4.1.79.Final.jar:/home/pgrg/.m2/repository/io/netty/netty-codec/4.1.79.Final/netty-codec-4.1.79.Final.jar:/home/pgrg/.m2/repository/io/netty/netty-transport-native-epoll/4.1.79.Final/netty-transport-native-epoll-4.1.79.Final.jar:/home/pgrg/.m2/repository/io/netty/netty-transport-classes-epoll/4.1.79.Final/netty-transport-classes-epoll-4.1.79.Final.jar:/home/pgrg/.m2/repository/com/google/guava/guava/27.0.1-jre/guava-27.0.1-jre.jar:/home/pgrg/.m2/repository/com/google/guava/failureaccess/1.0.1/failureaccess-1.0.1.jar:/home/pgrg/.m2/repository/com/google/guava/listenablefuture/9999.0-empty-to-avoid-conflict-with-guava/listenablefuture-9999.0-empty-to-avoid-conflict-with-guava.jar:/home/pgrg/.m2/repository/com/google/code/findbugs/jsr305/3.0.2/jsr305-3.0.2.jar:/home/pgrg/.m2/repository/org/checkerframework/checker-qual/2.5.2/checker-qual-2.5.2.jar:/home/pgrg/.m2/repository/com/google/errorprone/error_prone_annotations/2.2.0/error_prone_annotations-2.2.0.jar:/home/pgrg/.m2/repository/com/google/j2objc/j2objc-annotations/1.1/j2objc-annotations-1.1.jar:/home/pgrg/.m2/repository/org/codehaus/mojo/animal-sniffer-annotations/1.17/animal-sniffer-annotations-1.17.jar:/home/pgrg/.m2/repository/com/fasterxml/jackson/core/jackson-databind/2.13.3/jackson-databind-2.13.3.jar:/home/pgrg/.m2/repository/com/fasterxml/jackson/core/jackson-annotations/2.13.3/jackson-annotations-2.13.3.jar:/home/pgrg/.m2/repository/com/fasterxml/jackson/core/jackson-core/2.13.3/jackson-core-2.13.3.jar:/home/pgrg/.m2/repository/org/springframework/cloud/spring-cloud-starter-loadbalancer/3.1.3/spring-cloud-starter-loadbalancer-3.1.3.jar:/home/pgrg/.m2/repository/org/springframework/cloud/spring-cloud-loadbalancer/3.1.3/spring-cloud-loadbalancer-3.1.3.jar:/home/pgrg/.m2/repository/io/projectreactor/reactor-core/3.4.22/reactor-core-3.4.22.jar:/home/pgrg/.m2/repository/org/reactivestreams/reactive-streams/1.0.4/reactive-streams-1.0.4.jar:/home/pgrg/.m2/repository/io/projectreactor/addons/reactor-extra/3.4.8/reactor-extra-3.4.8.jar:/home/pgrg/.m2/repository/org/springframework/boot/spring-boot-starter-cache/2.7.3/spring-boot-starter-cache-2.7.3.jar:/home/pgrg/.m2/repository/org/springframework/spring-context-support/5.3.22/spring-context-support-5.3.22.jar:/home/pgrg/.m2/repository/com/stoyanr/evictor/1.0.0/evictor-1.0.0.jar:/home/pgrg/.m2/repository/org/springframework/boot/spring-boot-configuration-processor/2.7.3/spring-boot-configuration-processor-2.7.3.jar:/home/pgrg/.m2/repository/org/projectlombok/lombok/1.18.24/lombok-1.18.24.jar:/home/pgrg/.m2/repository/org/springframework/boot/spring-boot-starter-web/2.7.3/spring-boot-starter-web-2.7.3.jar:/home/pgrg/.m2/repository/org/springframework/boot/spring-boot-starter/2.7.3/spring-boot-starter-2.7.3.jar:/home/pgrg/.m2/repository/org/springframework/boot/spring-boot/2.7.3/spring-boot-2.7.3.jar:/home/pgrg/.m2/repository/org/springframework/boot/spring-boot-autoconfigure/2.7.3/spring-boot-autoconfigure-2.7.3.jar:/home/pgrg/.m2/repository/org/springframework/boot/spring-boot-starter-logging/2.7.3/spring-boot-starter-logging-2.7.3.jar:/home/pgrg/.m2/repository/ch/qos/logback/logback-classic/1.2.11/logback-classic-1.2.11.jar:/home/pgrg/.m2/repository/ch/qos/logback/logback-core/1.2.11/logback-core-1.2.11.jar:/home/pgrg/.m2/repository/org/apache/logging/log4j/log4j-to-slf4j/2.17.2/log4j-to-slf4j-2.17.2.jar:/home/pgrg/.m2/repository/org/apache/logging/log4j/log4j-api/2.17.2/log4j-api-2.17.2.jar:/home/pgrg/.m2/repository/org/slf4j/jul-to-slf4j/1.7.36/jul-to-slf4j-1.7.36.jar:/home/pgrg/.m2/repository/jakarta/annotation/jakarta.annotation-api/1.3.5/jakarta.annotation-api-1.3.5.jar:/home/pgrg/.m2/repository/org/yaml/snakeyaml/1.30/snakeyaml-1.30.jar:/home/pgrg/.m2/repository/org/springframework/boot/spring-boot-starter-json/2.7.3/spring-boot-starter-json-2.7.3.jar:/home/pgrg/.m2/repository/com/fasterxml/jackson/datatype/jackson-datatype-jdk8/2.13.3/jackson-datatype-jdk8-2.13.3.jar:/home/pgrg/.m2/repository/com/fasterxml/jackson/datatype/jackson-datatype-jsr310/2.13.3/jackson-datatype-jsr310-2.13.3.jar:/home/pgrg/.m2/repository/com/fasterxml/jackson/module/jackson-module-parameter-names/2.13.3/jackson-module-parameter-names-2.13.3.jar:/home/pgrg/.m2/repository/org/springframework/boot/spring-boot-starter-tomcat/2.7.3/spring-boot-starter-tomcat-2.7.3.jar:/home/pgrg/.m2/repository/org/apache/tomcat/embed/tomcat-embed-core/9.0.65/tomcat-embed-core-9.0.65.jar:/home/pgrg/.m2/repository/org/apache/tomcat/embed/tomcat-embed-el/9.0.65/tomcat-embed-el-9.0.65.jar:/home/pgrg/.m2/repository/org/apache/tomcat/embed/tomcat-embed-websocket/9.0.65/tomcat-embed-websocket-9.0.65.jar:/home/pgrg/.m2/repository/org/springframework/spring-web/5.3.22/spring-web-5.3.22.jar:/home/pgrg/.m2/repository/org/springframework/spring-beans/5.3.22/spring-beans-5.3.22.jar:/home/pgrg/.m2/repository/org/springframework/spring-webmvc/5.3.22/spring-webmvc-5.3.22.jar:/home/pgrg/.m2/repository/org/springframework/spring-aop/5.3.22/spring-aop-5.3.22.jar:/home/pgrg/.m2/repository/org/springframework/spring-context/5.3.22/spring-context-5.3.22.jar:/home/pgrg/.m2/repository/org/springframework/spring-expression/5.3.22/spring-expression-5.3.22.jar:/home/pgrg/.m2/repository/org/slf4j/slf4j-api/1.7.36/slf4j-api-1.7.36.jar:/home/pgrg/.m2/repository/org/springframework/spring-core/5.3.22/spring-core-5.3.22.jar:/home/pgrg/.m2/repository/org/springframework/spring-jcl/5.3.22/spring-jcl-5.3.22.jar:/home/pgrg/.m2/repository/org/springframework/boot/spring-boot-starter-actuator/2.7.3/spring-boot-starter-actuator-2.7.3.jar:/home/pgrg/.m2/repository/org/springframework/boot/spring-boot-actuator-autoconfigure/2.7.3/spring-boot-actuator-autoconfigure-2.7.3.jar:/home/pgrg/.m2/repository/org/springframework/boot/spring-boot-actuator/2.7.3/spring-boot-actuator-2.7.3.jar:/home/pgrg/.m2/repository/io/micrometer/micrometer-core/1.9.3/micrometer-core-1.9.3.jar:/home/pgrg/.m2/repository/org/hdrhistogram/HdrHistogram/2.1.12/HdrHistogram-2.1.12.jar:/home/pgrg/.m2/repository/org/latencyutils/LatencyUtils/2.0.3/LatencyUtils-2.0.3.jar:/home/pgrg/.m2/repository/log4j/log4j/1.2.17/log4j-1.2.17.jar
2022-09-01 18:09:40.058  INFO 10887 --- [main] org.apache.zookeeper.ZooKeeper           : Client environment:java.library.path=/usr/java/packages/lib:/usr/lib64:/lib64:/lib:/usr/lib
2022-09-01 18:09:40.058  INFO 10887 --- [main] org.apache.zookeeper.ZooKeeper           : Client environment:java.io.tmpdir=/tmp
2022-09-01 18:09:40.058  INFO 10887 --- [main] org.apache.zookeeper.ZooKeeper           : Client environment:java.compiler=<NA>
2022-09-01 18:09:40.058  INFO 10887 --- [main] org.apache.zookeeper.ZooKeeper           : Client environment:os.name=Linux
2022-09-01 18:09:40.058  INFO 10887 --- [main] org.apache.zookeeper.ZooKeeper           : Client environment:os.arch=amd64
2022-09-01 18:09:40.058  INFO 10887 --- [main] org.apache.zookeeper.ZooKeeper           : Client environment:os.version=5.15.60-1-MANJARO
2022-09-01 18:09:40.058  INFO 10887 --- [main] org.apache.zookeeper.ZooKeeper           : Client environment:user.name=pgrg
2022-09-01 18:09:40.058  INFO 10887 --- [main] org.apache.zookeeper.ZooKeeper           : Client environment:user.home=/home/pgrg
2022-09-01 18:09:40.059  INFO 10887 --- [main] org.apache.zookeeper.ZooKeeper           : Client environment:user.dir=/home/pgrg/projects/eda-pro
2022-09-01 18:09:40.059  INFO 10887 --- [main] org.apache.zookeeper.ZooKeeper           : Client environment:os.memory.free=245MB
2022-09-01 18:09:40.059  INFO 10887 --- [main] org.apache.zookeeper.ZooKeeper           : Client environment:os.memory.max=3956MB
2022-09-01 18:09:40.059  INFO 10887 --- [main] org.apache.zookeeper.ZooKeeper           : Client environment:os.memory.total=336MB
2022-09-01 18:09:40.060  INFO 10887 --- [main] org.apache.zookeeper.ZooKeeper           : Initiating client connection, connectString=localhost:2181 sessionTimeout=60000 watcher=org.apache.curator.ConnectionState@63e5b8aa
2022-09-01 18:09:40.061  INFO 10887 --- [main] org.apache.zookeeper.common.X509Util     : Setting -D jdk.tls.rejectClientInitiatedRenegotiation=true to disable client-initiated TLS renegotiation
2022-09-01 18:09:40.063  INFO 10887 --- [main] org.apache.zookeeper.ClientCnxnSocket    : jute.maxbuffer value is 1048575 Bytes
2022-09-01 18:09:40.070  INFO 10887 --- [main] o.a.c.f.imps.CuratorFrameworkImpl        : Default schema
2022-09-01 18:09:40.078  INFO 10887 --- [main-EventThread] o.a.c.f.state.ConnectionStateManager     : State change: CONNECTED
2022-09-01 18:09:40.084  INFO 10887 --- [main-EventThread] o.a.c.framework.imps.EnsembleTracker     : New config event received: {}
2022-09-01 18:09:40.085  INFO 10887 --- [main-EventThread] o.a.c.framework.imps.EnsembleTracker     : New config event received: {}
2022-09-01 18:09:40.235  WARN 10887 --- [main] iguration$LoadBalancerCaffeineWarnLogger : Spring Cloud LoadBalancer is currently working with the default cache. While this cache implementation is useful for development and tests, it's recommended to use Caffeine cache in production.You can switch to using Caffeine cache, by adding it and org.springframework.cache.caffeine.CaffeineCacheManager to the classpath.
2022-09-01 18:09:40.238  INFO 10887 --- [main] o.s.b.a.e.web.EndpointLinksResolver      : Exposing 20 endpoint(s) beneath base path '/actuator'
2022-09-01 18:09:40.283  INFO 10887 --- [main] o.s.b.w.embedded.tomcat.TomcatWebServer  : Tomcat started on port(s): 8084 (http) with context path ''
2022-09-01 18:09:40.342  INFO 10887 --- [main] com.bms.bms.BmsApplication               : Started BmsApplication in 1.719 seconds (JVM running for 2.117)
2022-09-01 18:09:40.356  INFO 10887 --- [http-nio-8084-exec-1] o.a.c.c.C.[Tomcat].[localhost].[/]       : Initializing Spring DispatcherServlet 'dispatcherServlet'
2022-09-01 18:09:40.357  INFO 10887 --- [http-nio-8084-exec-1] o.s.web.servlet.DispatcherServlet        : Initializing Servlet 'dispatcherServlet'
2022-09-01 18:09:40.358  INFO 10887 --- [http-nio-8084-exec-1] o.s.web.servlet.DispatcherServlet        : Completed initialization in 1 ms
2022-09-01 18:11:34.026  INFO 10887 --- [Curator-Framework-0] o.a.c.f.imps.CuratorFrameworkImpl        : backgroundOperationsLoop exiting
2022-09-01 18:11:34.131  INFO 10887 --- [SpringApplicationShutdownHook] org.apache.zookeeper.ZooKeeper           : Session: 0x10000041d420016 closed
2022-09-01 18:11:35.869 ERROR 11301 --- [main] o.s.b.d.LoggingFailureAnalysisReporter   : 

***************************
APPLICATION FAILED TO START
***************************

Description:

Failed to bind properties under 'logging.level.org.springframework.web' to org.springframework.boot.logging.LogLevel:

    Property: logging.level.org.springframework.web
    Value: "INFO, ERROR"
    Origin: class path resource [application.yml] - 19:30
    Reason: failed to convert java.lang.String to org.springframework.boot.logging.LogLevel (caused by java.lang.IllegalArgumentException: No enum constant org.springframework.boot.logging.LogLevel.INFO, ERROR)

Action:

Update your application's configuration. The following values are valid:

    DEBUG
    ERROR
    FATAL
    INFO
    OFF
    TRACE
    WARN

2022-09-01 18:11:56.989 ERROR 11382 --- [main] o.s.b.d.LoggingFailureAnalysisReporter   : 

***************************
APPLICATION FAILED TO START
***************************

Description:

Failed to bind properties under 'logging.level.org.springframework.web' to org.springframework.boot.logging.LogLevel:

    Property: logging.level.org.springframework.web
    Value: "INFO ERROR"
    Origin: class path resource [application.yml] - 19:30
    Reason: failed to convert java.lang.String to org.springframework.boot.logging.LogLevel (caused by java.lang.IllegalArgumentException: No enum constant org.springframework.boot.logging.LogLevel.INFO ERROR)

Action:

Update your application's configuration. The following values are valid:

    DEBUG
    ERROR
    FATAL
    INFO
    OFF
    TRACE
    WARN

2022-09-01 18:12:07.054  INFO 11443 --- [main] com.bms.bms.BmsApplication               : Starting BmsApplication using Java 11.0.16.1 on parash-optiplex3070 with PID 11443 (/home/pgrg/projects/eda-pro/bms/target/classes started by pgrg in /home/pgrg/projects/eda-pro)
2022-09-01 18:12:07.056  INFO 11443 --- [main] com.bms.bms.BmsApplication               : No active profile set, falling back to 1 default profile: "default"
2022-09-01 18:12:07.678  INFO 11443 --- [main] o.s.cloud.context.scope.GenericScope     : BeanFactory id=9141cc15-9616-36fd-8316-7c7bfaf0a94e
2022-09-01 18:12:07.838  INFO 11443 --- [main] o.s.b.w.embedded.tomcat.TomcatWebServer  : Tomcat initialized with port(s): 8084 (http)
2022-09-01 18:12:07.843  INFO 11443 --- [main] o.apache.catalina.core.StandardService   : Starting service [Tomcat]
2022-09-01 18:12:07.843  INFO 11443 --- [main] org.apache.catalina.core.StandardEngine  : Starting Servlet engine: [Apache Tomcat/9.0.65]
2022-09-01 18:12:07.905  INFO 11443 --- [main] o.a.c.c.C.[Tomcat].[localhost].[/]       : Initializing Spring embedded WebApplicationContext
2022-09-01 18:12:07.905  INFO 11443 --- [main] w.s.c.ServletWebServerApplicationContext : Root WebApplicationContext: initialization completed in 811 ms
2022-09-01 18:12:08.174  INFO 11443 --- [main] o.a.c.f.imps.CuratorFrameworkImpl        : Starting
2022-09-01 18:12:08.176  INFO 11443 --- [main] org.apache.zookeeper.ZooKeeper           : Client environment:zookeeper.version=3.6.0--b4c89dc7f6083829e18fae6e446907ae0b1f22d7, built on 02/25/2020 14:38 GMT
2022-09-01 18:12:08.177  INFO 11443 --- [main] org.apache.zookeeper.ZooKeeper           : Client environment:host.name=parash-optiplex3070
2022-09-01 18:12:08.177  INFO 11443 --- [main] org.apache.zookeeper.ZooKeeper           : Client environment:java.version=11.0.16.1
2022-09-01 18:12:08.177  INFO 11443 --- [main] org.apache.zookeeper.ZooKeeper           : Client environment:java.vendor=Oracle Corporation
2022-09-01 18:12:08.177  INFO 11443 --- [main] org.apache.zookeeper.ZooKeeper           : Client environment:java.home=/usr/lib/jvm/java-11-openjdk
2022-09-01 18:12:08.177  INFO 11443 --- [main] org.apache.zookeeper.ZooKeeper           : Client environment:java.class.path=/home/pgrg/projects/eda-pro/bms/target/classes:/home/pgrg/.m2/repository/org/springframework/cloud/spring-cloud-starter-zookeeper-discovery/3.1.2/spring-cloud-starter-zookeeper-discovery-3.1.2.jar:/home/pgrg/.m2/repository/org/springframework/cloud/spring-cloud-starter-zookeeper/3.1.2/spring-cloud-starter-zookeeper-3.1.2.jar:/home/pgrg/.m2/repository/org/springframework/cloud/spring-cloud-starter/3.1.3/spring-cloud-starter-3.1.3.jar:/home/pgrg/.m2/repository/org/springframework/cloud/spring-cloud-context/3.1.3/spring-cloud-context-3.1.3.jar:/home/pgrg/.m2/repository/org/springframework/security/spring-security-crypto/5.7.3/spring-security-crypto-5.7.3.jar:/home/pgrg/.m2/repository/org/springframework/cloud/spring-cloud-commons/3.1.3/spring-cloud-commons-3.1.3.jar:/home/pgrg/.m2/repository/org/springframework/security/spring-security-rsa/1.0.10.RELEASE/spring-security-rsa-1.0.10.RELEASE.jar:/home/pgrg/.m2/repository/org/bouncycastle/bcpkix-jdk15on/1.68/bcpkix-jdk15on-1.68.jar:/home/pgrg/.m2/repository/org/bouncycastle/bcprov-jdk15on/1.68/bcprov-jdk15on-1.68.jar:/home/pgrg/.m2/repository/org/springframework/cloud/spring-cloud-zookeeper-core/3.1.2/spring-cloud-zookeeper-core-3.1.2.jar:/home/pgrg/.m2/repository/org/springframework/boot/spring-boot-starter-validation/2.7.3/spring-boot-starter-validation-2.7.3.jar:/home/pgrg/.m2/repository/org/hibernate/validator/hibernate-validator/6.2.4.Final/hibernate-validator-6.2.4.Final.jar:/home/pgrg/.m2/repository/jakarta/validation/jakarta.validation-api/2.0.2/jakarta.validation-api-2.0.2.jar:/home/pgrg/.m2/repository/org/jboss/logging/jboss-logging/3.4.3.Final/jboss-logging-3.4.3.Final.jar:/home/pgrg/.m2/repository/com/fasterxml/classmate/1.5.1/classmate-1.5.1.jar:/home/pgrg/.m2/repository/org/springframework/cloud/spring-cloud-zookeeper-discovery/3.1.2/spring-cloud-zookeeper-discovery-3.1.2.jar:/home/pgrg/.m2/repository/org/apache/curator/curator-x-discovery/5.1.0/curator-x-discovery-5.1.0.jar:/home/pgrg/.m2/repository/org/apache/curator/curator-recipes/5.1.0/curator-recipes-5.1.0.jar:/home/pgrg/.m2/repository/org/apache/curator/curator-framework/5.1.0/curator-framework-5.1.0.jar:/home/pgrg/.m2/repository/org/apache/curator/curator-client/5.1.0/curator-client-5.1.0.jar:/home/pgrg/.m2/repository/org/apache/zookeeper/zookeeper/3.6.0/zookeeper-3.6.0.jar:/home/pgrg/.m2/repository/commons-lang/commons-lang/2.6/commons-lang-2.6.jar:/home/pgrg/.m2/repository/org/apache/zookeeper/zookeeper-jute/3.6.0/zookeeper-jute-3.6.0.jar:/home/pgrg/.m2/repository/org/apache/yetus/audience-annotations/0.5.0/audience-annotations-0.5.0.jar:/home/pgrg/.m2/repository/io/netty/netty-handler/4.1.79.Final/netty-handler-4.1.79.Final.jar:/home/pgrg/.m2/repository/io/netty/netty-common/4.1.79.Final/netty-common-4.1.79.Final.jar:/home/pgrg/.m2/repository/io/netty/netty-resolver/4.1.79.Final/netty-resolver-4.1.79.Final.jar:/home/pgrg/.m2/repository/io/netty/netty-buffer/4.1.79.Final/netty-buffer-4.1.79.Final.jar:/home/pgrg/.m2/repository/io/netty/netty-transport/4.1.79.Final/netty-transport-4.1.79.Final.jar:/home/pgrg/.m2/repository/io/netty/netty-transport-native-unix-common/4.1.79.Final/netty-transport-native-unix-common-4.1.79.Final.jar:/home/pgrg/.m2/repository/io/netty/netty-codec/4.1.79.Final/netty-codec-4.1.79.Final.jar:/home/pgrg/.m2/repository/io/netty/netty-transport-native-epoll/4.1.79.Final/netty-transport-native-epoll-4.1.79.Final.jar:/home/pgrg/.m2/repository/io/netty/netty-transport-classes-epoll/4.1.79.Final/netty-transport-classes-epoll-4.1.79.Final.jar:/home/pgrg/.m2/repository/com/google/guava/guava/27.0.1-jre/guava-27.0.1-jre.jar:/home/pgrg/.m2/repository/com/google/guava/failureaccess/1.0.1/failureaccess-1.0.1.jar:/home/pgrg/.m2/repository/com/google/guava/listenablefuture/9999.0-empty-to-avoid-conflict-with-guava/listenablefuture-9999.0-empty-to-avoid-conflict-with-guava.jar:/home/pgrg/.m2/repository/com/google/code/findbugs/jsr305/3.0.2/jsr305-3.0.2.jar:/home/pgrg/.m2/repository/org/checkerframework/checker-qual/2.5.2/checker-qual-2.5.2.jar:/home/pgrg/.m2/repository/com/google/errorprone/error_prone_annotations/2.2.0/error_prone_annotations-2.2.0.jar:/home/pgrg/.m2/repository/com/google/j2objc/j2objc-annotations/1.1/j2objc-annotations-1.1.jar:/home/pgrg/.m2/repository/org/codehaus/mojo/animal-sniffer-annotations/1.17/animal-sniffer-annotations-1.17.jar:/home/pgrg/.m2/repository/com/fasterxml/jackson/core/jackson-databind/2.13.3/jackson-databind-2.13.3.jar:/home/pgrg/.m2/repository/com/fasterxml/jackson/core/jackson-annotations/2.13.3/jackson-annotations-2.13.3.jar:/home/pgrg/.m2/repository/com/fasterxml/jackson/core/jackson-core/2.13.3/jackson-core-2.13.3.jar:/home/pgrg/.m2/repository/org/springframework/cloud/spring-cloud-starter-loadbalancer/3.1.3/spring-cloud-starter-loadbalancer-3.1.3.jar:/home/pgrg/.m2/repository/org/springframework/cloud/spring-cloud-loadbalancer/3.1.3/spring-cloud-loadbalancer-3.1.3.jar:/home/pgrg/.m2/repository/io/projectreactor/reactor-core/3.4.22/reactor-core-3.4.22.jar:/home/pgrg/.m2/repository/org/reactivestreams/reactive-streams/1.0.4/reactive-streams-1.0.4.jar:/home/pgrg/.m2/repository/io/projectreactor/addons/reactor-extra/3.4.8/reactor-extra-3.4.8.jar:/home/pgrg/.m2/repository/org/springframework/boot/spring-boot-starter-cache/2.7.3/spring-boot-starter-cache-2.7.3.jar:/home/pgrg/.m2/repository/org/springframework/spring-context-support/5.3.22/spring-context-support-5.3.22.jar:/home/pgrg/.m2/repository/com/stoyanr/evictor/1.0.0/evictor-1.0.0.jar:/home/pgrg/.m2/repository/org/springframework/boot/spring-boot-configuration-processor/2.7.3/spring-boot-configuration-processor-2.7.3.jar:/home/pgrg/.m2/repository/org/projectlombok/lombok/1.18.24/lombok-1.18.24.jar:/home/pgrg/.m2/repository/org/springframework/boot/spring-boot-starter-web/2.7.3/spring-boot-starter-web-2.7.3.jar:/home/pgrg/.m2/repository/org/springframework/boot/spring-boot-starter/2.7.3/spring-boot-starter-2.7.3.jar:/home/pgrg/.m2/repository/org/springframework/boot/spring-boot/2.7.3/spring-boot-2.7.3.jar:/home/pgrg/.m2/repository/org/springframework/boot/spring-boot-autoconfigure/2.7.3/spring-boot-autoconfigure-2.7.3.jar:/home/pgrg/.m2/repository/org/springframework/boot/spring-boot-starter-logging/2.7.3/spring-boot-starter-logging-2.7.3.jar:/home/pgrg/.m2/repository/ch/qos/logback/logback-classic/1.2.11/logback-classic-1.2.11.jar:/home/pgrg/.m2/repository/ch/qos/logback/logback-core/1.2.11/logback-core-1.2.11.jar:/home/pgrg/.m2/repository/org/apache/logging/log4j/log4j-to-slf4j/2.17.2/log4j-to-slf4j-2.17.2.jar:/home/pgrg/.m2/repository/org/apache/logging/log4j/log4j-api/2.17.2/log4j-api-2.17.2.jar:/home/pgrg/.m2/repository/org/slf4j/jul-to-slf4j/1.7.36/jul-to-slf4j-1.7.36.jar:/home/pgrg/.m2/repository/jakarta/annotation/jakarta.annotation-api/1.3.5/jakarta.annotation-api-1.3.5.jar:/home/pgrg/.m2/repository/org/yaml/snakeyaml/1.30/snakeyaml-1.30.jar:/home/pgrg/.m2/repository/org/springframework/boot/spring-boot-starter-json/2.7.3/spring-boot-starter-json-2.7.3.jar:/home/pgrg/.m2/repository/com/fasterxml/jackson/datatype/jackson-datatype-jdk8/2.13.3/jackson-datatype-jdk8-2.13.3.jar:/home/pgrg/.m2/repository/com/fasterxml/jackson/datatype/jackson-datatype-jsr310/2.13.3/jackson-datatype-jsr310-2.13.3.jar:/home/pgrg/.m2/repository/com/fasterxml/jackson/module/jackson-module-parameter-names/2.13.3/jackson-module-parameter-names-2.13.3.jar:/home/pgrg/.m2/repository/org/springframework/boot/spring-boot-starter-tomcat/2.7.3/spring-boot-starter-tomcat-2.7.3.jar:/home/pgrg/.m2/repository/org/apache/tomcat/embed/tomcat-embed-core/9.0.65/tomcat-embed-core-9.0.65.jar:/home/pgrg/.m2/repository/org/apache/tomcat/embed/tomcat-embed-el/9.0.65/tomcat-embed-el-9.0.65.jar:/home/pgrg/.m2/repository/org/apache/tomcat/embed/tomcat-embed-websocket/9.0.65/tomcat-embed-websocket-9.0.65.jar:/home/pgrg/.m2/repository/org/springframework/spring-web/5.3.22/spring-web-5.3.22.jar:/home/pgrg/.m2/repository/org/springframework/spring-beans/5.3.22/spring-beans-5.3.22.jar:/home/pgrg/.m2/repository/org/springframework/spring-webmvc/5.3.22/spring-webmvc-5.3.22.jar:/home/pgrg/.m2/repository/org/springframework/spring-aop/5.3.22/spring-aop-5.3.22.jar:/home/pgrg/.m2/repository/org/springframework/spring-context/5.3.22/spring-context-5.3.22.jar:/home/pgrg/.m2/repository/org/springframework/spring-expression/5.3.22/spring-expression-5.3.22.jar:/home/pgrg/.m2/repository/org/slf4j/slf4j-api/1.7.36/slf4j-api-1.7.36.jar:/home/pgrg/.m2/repository/org/springframework/spring-core/5.3.22/spring-core-5.3.22.jar:/home/pgrg/.m2/repository/org/springframework/spring-jcl/5.3.22/spring-jcl-5.3.22.jar:/home/pgrg/.m2/repository/org/springframework/boot/spring-boot-starter-actuator/2.7.3/spring-boot-starter-actuator-2.7.3.jar:/home/pgrg/.m2/repository/org/springframework/boot/spring-boot-actuator-autoconfigure/2.7.3/spring-boot-actuator-autoconfigure-2.7.3.jar:/home/pgrg/.m2/repository/org/springframework/boot/spring-boot-actuator/2.7.3/spring-boot-actuator-2.7.3.jar:/home/pgrg/.m2/repository/io/micrometer/micrometer-core/1.9.3/micrometer-core-1.9.3.jar:/home/pgrg/.m2/repository/org/hdrhistogram/HdrHistogram/2.1.12/HdrHistogram-2.1.12.jar:/home/pgrg/.m2/repository/org/latencyutils/LatencyUtils/2.0.3/LatencyUtils-2.0.3.jar:/home/pgrg/.m2/repository/log4j/log4j/1.2.17/log4j-1.2.17.jar
2022-09-01 18:12:08.177  INFO 11443 --- [main] org.apache.zookeeper.ZooKeeper           : Client environment:java.library.path=/usr/java/packages/lib:/usr/lib64:/lib64:/lib:/usr/lib
2022-09-01 18:12:08.177  INFO 11443 --- [main] org.apache.zookeeper.ZooKeeper           : Client environment:java.io.tmpdir=/tmp
2022-09-01 18:12:08.177  INFO 11443 --- [main] org.apache.zookeeper.ZooKeeper           : Client environment:java.compiler=<NA>
2022-09-01 18:12:08.177  INFO 11443 --- [main] org.apache.zookeeper.ZooKeeper           : Client environment:os.name=Linux
2022-09-01 18:12:08.177  INFO 11443 --- [main] org.apache.zookeeper.ZooKeeper           : Client environment:os.arch=amd64
2022-09-01 18:12:08.177  INFO 11443 --- [main] org.apache.zookeeper.ZooKeeper           : Client environment:os.version=5.15.60-1-MANJARO
2022-09-01 18:12:08.177  INFO 11443 --- [main] org.apache.zookeeper.ZooKeeper           : Client environment:user.name=pgrg
2022-09-01 18:12:08.177  INFO 11443 --- [main] org.apache.zookeeper.ZooKeeper           : Client environment:user.home=/home/pgrg
2022-09-01 18:12:08.177  INFO 11443 --- [main] org.apache.zookeeper.ZooKeeper           : Client environment:user.dir=/home/pgrg/projects/eda-pro
2022-09-01 18:12:08.177  INFO 11443 --- [main] org.apache.zookeeper.ZooKeeper           : Client environment:os.memory.free=224MB
2022-09-01 18:12:08.177  INFO 11443 --- [main] org.apache.zookeeper.ZooKeeper           : Client environment:os.memory.max=3956MB
2022-09-01 18:12:08.177  INFO 11443 --- [main] org.apache.zookeeper.ZooKeeper           : Client environment:os.memory.total=316MB
2022-09-01 18:12:08.178  INFO 11443 --- [main] org.apache.zookeeper.ZooKeeper           : Initiating client connection, connectString=localhost:2181 sessionTimeout=60000 watcher=org.apache.curator.ConnectionState@22791b75
2022-09-01 18:12:08.180  INFO 11443 --- [main] org.apache.zookeeper.common.X509Util     : Setting -D jdk.tls.rejectClientInitiatedRenegotiation=true to disable client-initiated TLS renegotiation
2022-09-01 18:12:08.182  INFO 11443 --- [main] org.apache.zookeeper.ClientCnxnSocket    : jute.maxbuffer value is 1048575 Bytes
2022-09-01 18:12:08.188  INFO 11443 --- [main] o.a.c.f.imps.CuratorFrameworkImpl        : Default schema
2022-09-01 18:12:08.197  INFO 11443 --- [main-EventThread] o.a.c.f.state.ConnectionStateManager     : State change: CONNECTED
2022-09-01 18:12:08.204  INFO 11443 --- [main-EventThread] o.a.c.framework.imps.EnsembleTracker     : New config event received: {}
2022-09-01 18:12:08.204  INFO 11443 --- [main-EventThread] o.a.c.framework.imps.EnsembleTracker     : New config event received: {}
2022-09-01 18:12:08.345  WARN 11443 --- [main] iguration$LoadBalancerCaffeineWarnLogger : Spring Cloud LoadBalancer is currently working with the default cache. While this cache implementation is useful for development and tests, it's recommended to use Caffeine cache in production.You can switch to using Caffeine cache, by adding it and org.springframework.cache.caffeine.CaffeineCacheManager to the classpath.
2022-09-01 18:12:08.348  INFO 11443 --- [main] o.s.b.a.e.web.EndpointLinksResolver      : Exposing 20 endpoint(s) beneath base path '/actuator'
2022-09-01 18:12:08.391  INFO 11443 --- [main] o.s.b.w.embedded.tomcat.TomcatWebServer  : Tomcat started on port(s): 8084 (http) with context path ''
2022-09-01 18:12:08.456  INFO 11443 --- [main] com.bms.bms.BmsApplication               : Started BmsApplication in 1.714 seconds (JVM running for 2.133)
2022-09-01 18:12:08.469  INFO 11443 --- [http-nio-8084-exec-1] o.a.c.c.C.[Tomcat].[localhost].[/]       : Initializing Spring DispatcherServlet 'dispatcherServlet'
2022-09-01 18:12:08.470  INFO 11443 --- [http-nio-8084-exec-1] o.s.web.servlet.DispatcherServlet        : Initializing Servlet 'dispatcherServlet'
2022-09-01 18:12:08.471  INFO 11443 --- [http-nio-8084-exec-1] o.s.web.servlet.DispatcherServlet        : Completed initialization in 1 ms
2022-09-01 18:12:47.786  INFO 11443 --- [Curator-Framework-0] o.a.c.f.imps.CuratorFrameworkImpl        : backgroundOperationsLoop exiting
2022-09-01 18:12:47.891  INFO 11443 --- [SpringApplicationShutdownHook] org.apache.zookeeper.ZooKeeper           : Session: 0x10000041d420018 closed
2022-09-01 18:12:49.559 ERROR 11657 --- [main] o.s.b.d.LoggingFailureAnalysisReporter   : 

***************************
APPLICATION FAILED TO START
***************************

Description:

Failed to bind properties under 'logging.level.org.springframework.web' to org.springframework.boot.logging.LogLevel:

    Property: logging.level.org.springframework.web
    Value: "INFO,ERROR"
    Origin: class path resource [application.yml] - 19:30
    Reason: failed to convert java.lang.String to org.springframework.boot.logging.LogLevel (caused by java.lang.IllegalArgumentException: No enum constant org.springframework.boot.logging.LogLevel.INFO,ERROR)

Action:

Update your application's configuration. The following values are valid:

    DEBUG
    ERROR
    FATAL
    INFO
    OFF
    TRACE
    WARN

2022-09-01 18:13:03.561  INFO 11719 --- [main] com.bms.bms.BmsApplication               : Starting BmsApplication using Java 11.0.16.1 on parash-optiplex3070 with PID 11719 (/home/pgrg/projects/eda-pro/bms/target/classes started by pgrg in /home/pgrg/projects/eda-pro)
2022-09-01 18:13:03.568  INFO 11719 --- [main] com.bms.bms.BmsApplication               : No active profile set, falling back to 1 default profile: "default"
2022-09-01 18:13:04.162  INFO 11719 --- [main] o.s.cloud.context.scope.GenericScope     : BeanFactory id=9141cc15-9616-36fd-8316-7c7bfaf0a94e
2022-09-01 18:13:04.301  INFO 11719 --- [main] o.s.b.w.embedded.tomcat.TomcatWebServer  : Tomcat initialized with port(s): 8084 (http)
2022-09-01 18:13:04.306  INFO 11719 --- [main] o.apache.catalina.core.StandardService   : Starting service [Tomcat]
2022-09-01 18:13:04.306  INFO 11719 --- [main] org.apache.catalina.core.StandardEngine  : Starting Servlet engine: [Apache Tomcat/9.0.65]
2022-09-01 18:13:04.367  INFO 11719 --- [main] o.a.c.c.C.[Tomcat].[localhost].[/]       : Initializing Spring embedded WebApplicationContext
2022-09-01 18:13:04.367  INFO 11719 --- [main] w.s.c.ServletWebServerApplicationContext : Root WebApplicationContext: initialization completed in 763 ms
2022-09-01 18:13:04.655  INFO 11719 --- [main] o.a.c.f.imps.CuratorFrameworkImpl        : Starting
2022-09-01 18:13:04.658  INFO 11719 --- [main] org.apache.zookeeper.ZooKeeper           : Client environment:zookeeper.version=3.6.0--b4c89dc7f6083829e18fae6e446907ae0b1f22d7, built on 02/25/2020 14:38 GMT
2022-09-01 18:13:04.658  INFO 11719 --- [main] org.apache.zookeeper.ZooKeeper           : Client environment:host.name=parash-optiplex3070
2022-09-01 18:13:04.658  INFO 11719 --- [main] org.apache.zookeeper.ZooKeeper           : Client environment:java.version=11.0.16.1
2022-09-01 18:13:04.658  INFO 11719 --- [main] org.apache.zookeeper.ZooKeeper           : Client environment:java.vendor=Oracle Corporation
2022-09-01 18:13:04.658  INFO 11719 --- [main] org.apache.zookeeper.ZooKeeper           : Client environment:java.home=/usr/lib/jvm/java-11-openjdk
2022-09-01 18:13:04.658  INFO 11719 --- [main] org.apache.zookeeper.ZooKeeper           : Client environment:java.class.path=/home/pgrg/projects/eda-pro/bms/target/classes:/home/pgrg/.m2/repository/org/springframework/cloud/spring-cloud-starter-zookeeper-discovery/3.1.2/spring-cloud-starter-zookeeper-discovery-3.1.2.jar:/home/pgrg/.m2/repository/org/springframework/cloud/spring-cloud-starter-zookeeper/3.1.2/spring-cloud-starter-zookeeper-3.1.2.jar:/home/pgrg/.m2/repository/org/springframework/cloud/spring-cloud-starter/3.1.3/spring-cloud-starter-3.1.3.jar:/home/pgrg/.m2/repository/org/springframework/cloud/spring-cloud-context/3.1.3/spring-cloud-context-3.1.3.jar:/home/pgrg/.m2/repository/org/springframework/security/spring-security-crypto/5.7.3/spring-security-crypto-5.7.3.jar:/home/pgrg/.m2/repository/org/springframework/cloud/spring-cloud-commons/3.1.3/spring-cloud-commons-3.1.3.jar:/home/pgrg/.m2/repository/org/springframework/security/spring-security-rsa/1.0.10.RELEASE/spring-security-rsa-1.0.10.RELEASE.jar:/home/pgrg/.m2/repository/org/bouncycastle/bcpkix-jdk15on/1.68/bcpkix-jdk15on-1.68.jar:/home/pgrg/.m2/repository/org/bouncycastle/bcprov-jdk15on/1.68/bcprov-jdk15on-1.68.jar:/home/pgrg/.m2/repository/org/springframework/cloud/spring-cloud-zookeeper-core/3.1.2/spring-cloud-zookeeper-core-3.1.2.jar:/home/pgrg/.m2/repository/org/springframework/boot/spring-boot-starter-validation/2.7.3/spring-boot-starter-validation-2.7.3.jar:/home/pgrg/.m2/repository/org/hibernate/validator/hibernate-validator/6.2.4.Final/hibernate-validator-6.2.4.Final.jar:/home/pgrg/.m2/repository/jakarta/validation/jakarta.validation-api/2.0.2/jakarta.validation-api-2.0.2.jar:/home/pgrg/.m2/repository/org/jboss/logging/jboss-logging/3.4.3.Final/jboss-logging-3.4.3.Final.jar:/home/pgrg/.m2/repository/com/fasterxml/classmate/1.5.1/classmate-1.5.1.jar:/home/pgrg/.m2/repository/org/springframework/cloud/spring-cloud-zookeeper-discovery/3.1.2/spring-cloud-zookeeper-discovery-3.1.2.jar:/home/pgrg/.m2/repository/org/apache/curator/curator-x-discovery/5.1.0/curator-x-discovery-5.1.0.jar:/home/pgrg/.m2/repository/org/apache/curator/curator-recipes/5.1.0/curator-recipes-5.1.0.jar:/home/pgrg/.m2/repository/org/apache/curator/curator-framework/5.1.0/curator-framework-5.1.0.jar:/home/pgrg/.m2/repository/org/apache/curator/curator-client/5.1.0/curator-client-5.1.0.jar:/home/pgrg/.m2/repository/org/apache/zookeeper/zookeeper/3.6.0/zookeeper-3.6.0.jar:/home/pgrg/.m2/repository/commons-lang/commons-lang/2.6/commons-lang-2.6.jar:/home/pgrg/.m2/repository/org/apache/zookeeper/zookeeper-jute/3.6.0/zookeeper-jute-3.6.0.jar:/home/pgrg/.m2/repository/org/apache/yetus/audience-annotations/0.5.0/audience-annotations-0.5.0.jar:/home/pgrg/.m2/repository/io/netty/netty-handler/4.1.79.Final/netty-handler-4.1.79.Final.jar:/home/pgrg/.m2/repository/io/netty/netty-common/4.1.79.Final/netty-common-4.1.79.Final.jar:/home/pgrg/.m2/repository/io/netty/netty-resolver/4.1.79.Final/netty-resolver-4.1.79.Final.jar:/home/pgrg/.m2/repository/io/netty/netty-buffer/4.1.79.Final/netty-buffer-4.1.79.Final.jar:/home/pgrg/.m2/repository/io/netty/netty-transport/4.1.79.Final/netty-transport-4.1.79.Final.jar:/home/pgrg/.m2/repository/io/netty/netty-transport-native-unix-common/4.1.79.Final/netty-transport-native-unix-common-4.1.79.Final.jar:/home/pgrg/.m2/repository/io/netty/netty-codec/4.1.79.Final/netty-codec-4.1.79.Final.jar:/home/pgrg/.m2/repository/io/netty/netty-transport-native-epoll/4.1.79.Final/netty-transport-native-epoll-4.1.79.Final.jar:/home/pgrg/.m2/repository/io/netty/netty-transport-classes-epoll/4.1.79.Final/netty-transport-classes-epoll-4.1.79.Final.jar:/home/pgrg/.m2/repository/com/google/guava/guava/27.0.1-jre/guava-27.0.1-jre.jar:/home/pgrg/.m2/repository/com/google/guava/failureaccess/1.0.1/failureaccess-1.0.1.jar:/home/pgrg/.m2/repository/com/google/guava/listenablefuture/9999.0-empty-to-avoid-conflict-with-guava/listenablefuture-9999.0-empty-to-avoid-conflict-with-guava.jar:/home/pgrg/.m2/repository/com/google/code/findbugs/jsr305/3.0.2/jsr305-3.0.2.jar:/home/pgrg/.m2/repository/org/checkerframework/checker-qual/2.5.2/checker-qual-2.5.2.jar:/home/pgrg/.m2/repository/com/google/errorprone/error_prone_annotations/2.2.0/error_prone_annotations-2.2.0.jar:/home/pgrg/.m2/repository/com/google/j2objc/j2objc-annotations/1.1/j2objc-annotations-1.1.jar:/home/pgrg/.m2/repository/org/codehaus/mojo/animal-sniffer-annotations/1.17/animal-sniffer-annotations-1.17.jar:/home/pgrg/.m2/repository/com/fasterxml/jackson/core/jackson-databind/2.13.3/jackson-databind-2.13.3.jar:/home/pgrg/.m2/repository/com/fasterxml/jackson/core/jackson-annotations/2.13.3/jackson-annotations-2.13.3.jar:/home/pgrg/.m2/repository/com/fasterxml/jackson/core/jackson-core/2.13.3/jackson-core-2.13.3.jar:/home/pgrg/.m2/repository/org/springframework/cloud/spring-cloud-starter-loadbalancer/3.1.3/spring-cloud-starter-loadbalancer-3.1.3.jar:/home/pgrg/.m2/repository/org/springframework/cloud/spring-cloud-loadbalancer/3.1.3/spring-cloud-loadbalancer-3.1.3.jar:/home/pgrg/.m2/repository/io/projectreactor/reactor-core/3.4.22/reactor-core-3.4.22.jar:/home/pgrg/.m2/repository/org/reactivestreams/reactive-streams/1.0.4/reactive-streams-1.0.4.jar:/home/pgrg/.m2/repository/io/projectreactor/addons/reactor-extra/3.4.8/reactor-extra-3.4.8.jar:/home/pgrg/.m2/repository/org/springframework/boot/spring-boot-starter-cache/2.7.3/spring-boot-starter-cache-2.7.3.jar:/home/pgrg/.m2/repository/org/springframework/spring-context-support/5.3.22/spring-context-support-5.3.22.jar:/home/pgrg/.m2/repository/com/stoyanr/evictor/1.0.0/evictor-1.0.0.jar:/home/pgrg/.m2/repository/org/springframework/boot/spring-boot-configuration-processor/2.7.3/spring-boot-configuration-processor-2.7.3.jar:/home/pgrg/.m2/repository/org/projectlombok/lombok/1.18.24/lombok-1.18.24.jar:/home/pgrg/.m2/repository/org/springframework/boot/spring-boot-starter-web/2.7.3/spring-boot-starter-web-2.7.3.jar:/home/pgrg/.m2/repository/org/springframework/boot/spring-boot-starter/2.7.3/spring-boot-starter-2.7.3.jar:/home/pgrg/.m2/repository/org/springframework/boot/spring-boot/2.7.3/spring-boot-2.7.3.jar:/home/pgrg/.m2/repository/org/springframework/boot/spring-boot-autoconfigure/2.7.3/spring-boot-autoconfigure-2.7.3.jar:/home/pgrg/.m2/repository/org/springframework/boot/spring-boot-starter-logging/2.7.3/spring-boot-starter-logging-2.7.3.jar:/home/pgrg/.m2/repository/ch/qos/logback/logback-classic/1.2.11/logback-classic-1.2.11.jar:/home/pgrg/.m2/repository/ch/qos/logback/logback-core/1.2.11/logback-core-1.2.11.jar:/home/pgrg/.m2/repository/org/apache/logging/log4j/log4j-to-slf4j/2.17.2/log4j-to-slf4j-2.17.2.jar:/home/pgrg/.m2/repository/org/apache/logging/log4j/log4j-api/2.17.2/log4j-api-2.17.2.jar:/home/pgrg/.m2/repository/org/slf4j/jul-to-slf4j/1.7.36/jul-to-slf4j-1.7.36.jar:/home/pgrg/.m2/repository/jakarta/annotation/jakarta.annotation-api/1.3.5/jakarta.annotation-api-1.3.5.jar:/home/pgrg/.m2/repository/org/yaml/snakeyaml/1.30/snakeyaml-1.30.jar:/home/pgrg/.m2/repository/org/springframework/boot/spring-boot-starter-json/2.7.3/spring-boot-starter-json-2.7.3.jar:/home/pgrg/.m2/repository/com/fasterxml/jackson/datatype/jackson-datatype-jdk8/2.13.3/jackson-datatype-jdk8-2.13.3.jar:/home/pgrg/.m2/repository/com/fasterxml/jackson/datatype/jackson-datatype-jsr310/2.13.3/jackson-datatype-jsr310-2.13.3.jar:/home/pgrg/.m2/repository/com/fasterxml/jackson/module/jackson-module-parameter-names/2.13.3/jackson-module-parameter-names-2.13.3.jar:/home/pgrg/.m2/repository/org/springframework/boot/spring-boot-starter-tomcat/2.7.3/spring-boot-starter-tomcat-2.7.3.jar:/home/pgrg/.m2/repository/org/apache/tomcat/embed/tomcat-embed-core/9.0.65/tomcat-embed-core-9.0.65.jar:/home/pgrg/.m2/repository/org/apache/tomcat/embed/tomcat-embed-el/9.0.65/tomcat-embed-el-9.0.65.jar:/home/pgrg/.m2/repository/org/apache/tomcat/embed/tomcat-embed-websocket/9.0.65/tomcat-embed-websocket-9.0.65.jar:/home/pgrg/.m2/repository/org/springframework/spring-web/5.3.22/spring-web-5.3.22.jar:/home/pgrg/.m2/repository/org/springframework/spring-beans/5.3.22/spring-beans-5.3.22.jar:/home/pgrg/.m2/repository/org/springframework/spring-webmvc/5.3.22/spring-webmvc-5.3.22.jar:/home/pgrg/.m2/repository/org/springframework/spring-aop/5.3.22/spring-aop-5.3.22.jar:/home/pgrg/.m2/repository/org/springframework/spring-context/5.3.22/spring-context-5.3.22.jar:/home/pgrg/.m2/repository/org/springframework/spring-expression/5.3.22/spring-expression-5.3.22.jar:/home/pgrg/.m2/repository/org/slf4j/slf4j-api/1.7.36/slf4j-api-1.7.36.jar:/home/pgrg/.m2/repository/org/springframework/spring-core/5.3.22/spring-core-5.3.22.jar:/home/pgrg/.m2/repository/org/springframework/spring-jcl/5.3.22/spring-jcl-5.3.22.jar:/home/pgrg/.m2/repository/org/springframework/boot/spring-boot-starter-actuator/2.7.3/spring-boot-starter-actuator-2.7.3.jar:/home/pgrg/.m2/repository/org/springframework/boot/spring-boot-actuator-autoconfigure/2.7.3/spring-boot-actuator-autoconfigure-2.7.3.jar:/home/pgrg/.m2/repository/org/springframework/boot/spring-boot-actuator/2.7.3/spring-boot-actuator-2.7.3.jar:/home/pgrg/.m2/repository/io/micrometer/micrometer-core/1.9.3/micrometer-core-1.9.3.jar:/home/pgrg/.m2/repository/org/hdrhistogram/HdrHistogram/2.1.12/HdrHistogram-2.1.12.jar:/home/pgrg/.m2/repository/org/latencyutils/LatencyUtils/2.0.3/LatencyUtils-2.0.3.jar:/home/pgrg/.m2/repository/log4j/log4j/1.2.17/log4j-1.2.17.jar
2022-09-01 18:13:04.658  INFO 11719 --- [main] org.apache.zookeeper.ZooKeeper           : Client environment:java.library.path=/usr/java/packages/lib:/usr/lib64:/lib64:/lib:/usr/lib
2022-09-01 18:13:04.658  INFO 11719 --- [main] org.apache.zookeeper.ZooKeeper           : Client environment:java.io.tmpdir=/tmp
2022-09-01 18:13:04.659  INFO 11719 --- [main] org.apache.zookeeper.ZooKeeper           : Client environment:java.compiler=<NA>
2022-09-01 18:13:04.659  INFO 11719 --- [main] org.apache.zookeeper.ZooKeeper           : Client environment:os.name=Linux
2022-09-01 18:13:04.659  INFO 11719 --- [main] org.apache.zookeeper.ZooKeeper           : Client environment:os.arch=amd64
2022-09-01 18:13:04.659  INFO 11719 --- [main] org.apache.zookeeper.ZooKeeper           : Client environment:os.version=5.15.60-1-MANJARO
2022-09-01 18:13:04.659  INFO 11719 --- [main] org.apache.zookeeper.ZooKeeper           : Client environment:user.name=pgrg
2022-09-01 18:13:04.659  INFO 11719 --- [main] org.apache.zookeeper.ZooKeeper           : Client environment:user.home=/home/pgrg
2022-09-01 18:13:04.659  INFO 11719 --- [main] org.apache.zookeeper.ZooKeeper           : Client environment:user.dir=/home/pgrg/projects/eda-pro
2022-09-01 18:13:04.659  INFO 11719 --- [main] org.apache.zookeeper.ZooKeeper           : Client environment:os.memory.free=286MB
2022-09-01 18:13:04.659  INFO 11719 --- [main] org.apache.zookeeper.ZooKeeper           : Client environment:os.memory.max=3956MB
2022-09-01 18:13:04.659  INFO 11719 --- [main] org.apache.zookeeper.ZooKeeper           : Client environment:os.memory.total=403MB
2022-09-01 18:13:04.660  INFO 11719 --- [main] org.apache.zookeeper.ZooKeeper           : Initiating client connection, connectString=localhost:2181 sessionTimeout=60000 watcher=org.apache.curator.ConnectionState@22791b75
2022-09-01 18:13:04.662  INFO 11719 --- [main] org.apache.zookeeper.common.X509Util     : Setting -D jdk.tls.rejectClientInitiatedRenegotiation=true to disable client-initiated TLS renegotiation
2022-09-01 18:13:04.664  INFO 11719 --- [main] org.apache.zookeeper.ClientCnxnSocket    : jute.maxbuffer value is 1048575 Bytes
2022-09-01 18:13:04.671  INFO 11719 --- [main] o.a.c.f.imps.CuratorFrameworkImpl        : Default schema
2022-09-01 18:13:04.680  INFO 11719 --- [main-EventThread] o.a.c.f.state.ConnectionStateManager     : State change: CONNECTED
2022-09-01 18:13:04.688  INFO 11719 --- [main-EventThread] o.a.c.framework.imps.EnsembleTracker     : New config event received: {}
2022-09-01 18:13:04.688  INFO 11719 --- [main-EventThread] o.a.c.framework.imps.EnsembleTracker     : New config event received: {}
2022-09-01 18:13:04.859  WARN 11719 --- [main] iguration$LoadBalancerCaffeineWarnLogger : Spring Cloud LoadBalancer is currently working with the default cache. While this cache implementation is useful for development and tests, it's recommended to use Caffeine cache in production.You can switch to using Caffeine cache, by adding it and org.springframework.cache.caffeine.CaffeineCacheManager to the classpath.
2022-09-01 18:13:04.862  INFO 11719 --- [main] o.s.b.a.e.web.EndpointLinksResolver      : Exposing 20 endpoint(s) beneath base path '/actuator'
2022-09-01 18:13:04.916  INFO 11719 --- [main] o.s.b.w.embedded.tomcat.TomcatWebServer  : Tomcat started on port(s): 8084 (http) with context path ''
2022-09-01 18:13:05.012  INFO 11719 --- [main] com.bms.bms.BmsApplication               : Started BmsApplication in 1.751 seconds (JVM running for 2.172)
2022-09-01 18:13:05.034  INFO 11719 --- [http-nio-8084-exec-1] o.a.c.c.C.[Tomcat].[localhost].[/]       : Initializing Spring DispatcherServlet 'dispatcherServlet'
2022-09-01 18:13:05.034  INFO 11719 --- [http-nio-8084-exec-1] o.s.web.servlet.DispatcherServlet        : Initializing Servlet 'dispatcherServlet'
2022-09-01 18:13:05.035  INFO 11719 --- [http-nio-8084-exec-1] o.s.web.servlet.DispatcherServlet        : Completed initialization in 1 ms
